Using pre-set license
Built from '2022.3/staging' branch; Version is '2022.3.11f1 (d00248457e15) revision 13632072'; Using compiler version '192829333'; Build Type 'Release'
OS: 'Windows 10  (10.0.19045) 64bit Professional' Language: 'ru' Physical Memory: 16281 MB
BatchMode: 1, IsHumanControllingUs: 0, StartBugReporterOnCrash: 0, Is64bit: 1, IsPro: 1

COMMAND LINE ARGUMENTS:
C:\Program Files\Unity\Hub\Editor\2022.3.11f1\Editor\Unity.exe
-adb2
-batchMode
-noUpm
-name
AssetImportWorker0
-projectPath
D:/_GameDevRepos/Homework/Snake_vs_Block
-logFile
Logs/AssetImportWorker0.log
-srvPort
50980
Successfully changed project path to: D:/_GameDevRepos/Homework/Snake_vs_Block
D:/_GameDevRepos/Homework/Snake_vs_Block
[UnityMemory] Configuration Parameters - Can be set up in boot.config
    "memorysetup-bucket-allocator-granularity=16"
    "memorysetup-bucket-allocator-bucket-count=8"
    "memorysetup-bucket-allocator-block-size=33554432"
    "memorysetup-bucket-allocator-block-count=8"
    "memorysetup-main-allocator-block-size=16777216"
    "memorysetup-thread-allocator-block-size=16777216"
    "memorysetup-gfx-main-allocator-block-size=16777216"
    "memorysetup-gfx-thread-allocator-block-size=16777216"
    "memorysetup-cache-allocator-block-size=4194304"
    "memorysetup-typetree-allocator-block-size=2097152"
    "memorysetup-profiler-bucket-allocator-granularity=16"
    "memorysetup-profiler-bucket-allocator-bucket-count=8"
    "memorysetup-profiler-bucket-allocator-block-size=33554432"
    "memorysetup-profiler-bucket-allocator-block-count=8"
    "memorysetup-profiler-allocator-block-size=16777216"
    "memorysetup-profiler-editor-allocator-block-size=1048576"
    "memorysetup-temp-allocator-size-main=16777216"
    "memorysetup-job-temp-allocator-block-size=2097152"
    "memorysetup-job-temp-allocator-block-size-background=1048576"
    "memorysetup-job-temp-allocator-reduction-small-platforms=262144"
    "memorysetup-allocator-temp-initial-block-size-main=262144"
    "memorysetup-allocator-temp-initial-block-size-worker=262144"
    "memorysetup-temp-allocator-size-background-worker=32768"
    "memorysetup-temp-allocator-size-job-worker=262144"
    "memorysetup-temp-allocator-size-preload-manager=33554432"
    "memorysetup-temp-allocator-size-nav-mesh-worker=65536"
    "memorysetup-temp-allocator-size-audio-worker=65536"
    "memorysetup-temp-allocator-size-cloud-worker=32768"
    "memorysetup-temp-allocator-size-gi-baking-worker=262144"
    "memorysetup-temp-allocator-size-gfx=262144"
Player connection [17392] Host "[IP] 192.168.0.107 [Port] 0 [Flags] 2 [Guid] 3033382998 [EditorId] 3033382998 [Version] 1048832 [Id] WindowsEditor(7,DESKTOP-7JPUA8S) [Debug] 1 [PackageName] WindowsEditor [ProjectName] Editor" joined multi-casting on [225.0.0.222:54997]...

Player connection [17392] Host "[IP] 192.168.0.107 [Port] 0 [Flags] 2 [Guid] 3033382998 [EditorId] 3033382998 [Version] 1048832 [Id] WindowsEditor(7,DESKTOP-7JPUA8S) [Debug] 1 [PackageName] WindowsEditor [ProjectName] Editor" joined alternative multi-casting on [225.0.0.222:34997]...

[Physics::Module] Initialized MultithreadedJobDispatcher with 7 workers.
Refreshing native plugins compatible for Editor in 11.54 ms, found 2 plugins.
Preloading 0 native plugins for Editor in 0.00 ms.
Initialize engine version: 2022.3.11f1 (d00248457e15)
[Subsystems] Discovering subsystems at path C:/Program Files/Unity/Hub/Editor/2022.3.11f1/Editor/Data/Resources/UnitySubsystems
[Subsystems] Discovering subsystems at path D:/_GameDevRepos/Homework/Snake_vs_Block/Assets
GfxDevice: creating device client; threaded=0; jobified=0
Direct3D:
    Version:  Direct3D 11.0 [level 11.1]
    Renderer: NVIDIA GeForce GTX 1080 (ID=0x1b80)
    Vendor:   NVIDIA
    VRAM:     8059 MB
    Driver:   32.0.15.6081
Initialize mono
Mono path[0] = 'C:/Program Files/Unity/Hub/Editor/2022.3.11f1/Editor/Data/Managed'
Mono path[1] = 'C:/Program Files/Unity/Hub/Editor/2022.3.11f1/Editor/Data/MonoBleedingEdge/lib/mono/unityjit-win32'
Mono config path = 'C:/Program Files/Unity/Hub/Editor/2022.3.11f1/Editor/Data/MonoBleedingEdge/etc'
Using monoOptions --debugger-agent=transport=dt_socket,embedding=1,server=y,suspend=n,address=127.0.0.1:56388
Begin MonoManager ReloadAssembly
Registering precompiled unity dll's ...
Register platform support module: C:/Program Files/Unity/Hub/Editor/2022.3.11f1/Editor/Data/PlaybackEngines/WindowsStandaloneSupport/UnityEditor.WindowsStandalone.Extensions.dll
Register platform support module: C:/Program Files/Unity/Hub/Editor/2022.3.11f1/Editor/Data/PlaybackEngines/MetroSupport/UnityEditor.UWP.Extensions.dll
Registered in 0.027255 seconds.
- Loaded All Assemblies, in  0.867 seconds
Native extension for UWP target not found
Native extension for WindowsStandalone target not found
Mono: successfully reloaded assembly
- Finished resetting the current domain, in  0.656 seconds
Domain Reload Profiling: 1519ms
	BeginReloadAssembly (272ms)
		ExecutionOrderSort (0ms)
		DisableScriptedObjects (0ms)
		BackupInstance (0ms)
		ReleaseScriptingObjects (0ms)
		CreateAndSetChildDomain (2ms)
	RebuildCommonClasses (87ms)
	RebuildNativeTypeToScriptingClass (26ms)
	initialDomainReloadingComplete (156ms)
	LoadAllAssembliesAndSetupDomain (322ms)
		LoadAssemblies (266ms)
		RebuildTransferFunctionScriptingTraits (0ms)
		AnalyzeDomain (317ms)
			TypeCache.Refresh (313ms)
				TypeCache.ScanAssembly (285ms)
			ScanForSourceGeneratedMonoScriptInfo (1ms)
			ResolveRequiredComponents (1ms)
	FinalizeReload (657ms)
		ReleaseScriptCaches (0ms)
		RebuildScriptCaches (0ms)
		SetupLoadedEditorAssemblies (516ms)
			LogAssemblyErrors (0ms)
			InitializePlatformSupportModulesInManaged (30ms)
			SetLoadedEditorAssemblies (12ms)
			RefreshPlugins (0ms)
			BeforeProcessingInitializeOnLoad (6ms)
			ProcessInitializeOnLoadAttributes (338ms)
			ProcessInitializeOnLoadMethodAttributes (129ms)
			AfterProcessingInitializeOnLoad (0ms)
			EditorAssembliesLoaded (0ms)
		ExecutionOrderSort2 (0ms)
		AwakeInstancesAfterBackupRestoration (0ms)
========================================================================
Worker process is ready to serve import requests
Begin MonoManager ReloadAssembly
- Loaded All Assemblies, in  1.758 seconds
Refreshing native plugins compatible for Editor in 3.94 ms, found 2 plugins.
Native extension for UWP target not found
Native extension for WindowsStandalone target not found
Package Manager log level set to [2]
[Package Manager] Server::EnsureServerProcessIsRunning -- launch failed, reason: Unity was launched with the -noUpm command-line argument
[Package Manager] UpmClient::Send -- Unable to send message (not connected to UPM process).
[Package Manager] Cannot connect to Unity Package Manager local server
Mono: successfully reloaded assembly
- Finished resetting the current domain, in  1.615 seconds
Domain Reload Profiling: 3367ms
	BeginReloadAssembly (451ms)
		ExecutionOrderSort (0ms)
		DisableScriptedObjects (20ms)
		BackupInstance (0ms)
		ReleaseScriptingObjects (0ms)
		CreateAndSetChildDomain (48ms)
	RebuildCommonClasses (95ms)
	RebuildNativeTypeToScriptingClass (28ms)
	initialDomainReloadingComplete (114ms)
	LoadAllAssembliesAndSetupDomain (1063ms)
		LoadAssemblies (955ms)
		RebuildTransferFunctionScriptingTraits (0ms)
		AnalyzeDomain (386ms)
			TypeCache.Refresh (307ms)
				TypeCache.ScanAssembly (276ms)
			ScanForSourceGeneratedMonoScriptInfo (52ms)
			ResolveRequiredComponents (25ms)
	FinalizeReload (1616ms)
		ReleaseScriptCaches (0ms)
		RebuildScriptCaches (0ms)
		SetupLoadedEditorAssemblies (1224ms)
			LogAssemblyErrors (0ms)
			InitializePlatformSupportModulesInManaged (22ms)
			SetLoadedEditorAssemblies (11ms)
			RefreshPlugins (0ms)
			BeforeProcessingInitializeOnLoad (169ms)
			ProcessInitializeOnLoadAttributes (820ms)
			ProcessInitializeOnLoadMethodAttributes (177ms)
			AfterProcessingInitializeOnLoad (25ms)
			EditorAssembliesLoaded (0ms)
		ExecutionOrderSort2 (0ms)
		AwakeInstancesAfterBackupRestoration (16ms)
Launched and connected shader compiler UnityShaderCompiler.exe after 0.16 seconds
Refreshing native plugins compatible for Editor in 4.29 ms, found 2 plugins.
Preloading 0 native plugins for Editor in 0.00 ms.
Unloading 3804 Unused Serialized files (Serialized files now loaded: 0)
Unloading 64 unused Assets / (402.7 KB). Loaded Objects now: 4269.
Memory consumption went from 184.6 MB to 184.2 MB.
Total: 8.047601 ms (FindLiveObjects: 0.584711 ms CreateObjectMapping: 0.292356 ms MarkObjects: 6.452356 ms  DeleteObjects: 0.710356 ms)

AssetImportParameters requested are different than current active one (requested -> active):
  custom:container-demuxer-ogg: 62fdf1f143b41e24485cea50d1cbac27 -> 
  custom:video-decoder-ogg-theora: a1e56fd34408186e4bbccfd4996cb3dc -> 
  custom:framework-win-MediaFoundation: 216162199b28c13a410421893ffa2e32 -> 
  custom:container-demuxer-webm: 4f35f7cbe854078d1ac9338744f61a02 -> 
  custom:container-muxer-webm: aa71ff27fc2769a1b78a27578f13a17b -> 
  custom:video-decoder-webm-vp8: 9c59270c3fd7afecdb556c50c9e8de78 -> 
  custom:SearchIndexIgnoredProperties: e643bd26f0fe6173181afceb89e7c659 -> 
  custom:AudioImporter_EditorPlatform: d09bf68614088b80899f8185d706f6e7 -> 
  custom:video-encoder-webm-vp8: eb34c28f22e8b96e1ab97ce403110664 -> 
  custom:audio-decoder-ogg-vorbis: bf7c407c2cedff20999df2af8eb42d56 -> 
  custom:audio-encoder-webm-vorbis: bf7c407c2cedff20999df2af8eb42d56 -> 
========================================================================
Received Import Request.
  Time since last request: 5134.575507 seconds.
  path: Assets/Scenes/Level 1/LightingData.asset
  artifactKey: Guid(df5a0ae4a09d03848b6f5a65f5e4a27e) Importer(815301076,1909f56bfc062723c751e8b465ee728b)
Start importing Assets/Scenes/Level 1/LightingData.asset using Guid(df5a0ae4a09d03848b6f5a65f5e4a27e) Importer(815301076,1909f56bfc062723c751e8b465ee728b)  -> (artifact id: '43ce5aa4881bd5a14a5131235a50f3f4') in 0.035853 seconds
Number of updated asset objects reloaded before import = 0
Number of asset objects unloaded after import = 2
========================================================================
Received Import Request.
  Time since last request: 10.231354 seconds.
  path: Assets/Scenes/Level 2/LightingData.asset
  artifactKey: Guid(dae2c56f7f987204f84764c79de20396) Importer(815301076,1909f56bfc062723c751e8b465ee728b)
Start importing Assets/Scenes/Level 2/LightingData.asset using Guid(dae2c56f7f987204f84764c79de20396) Importer(815301076,1909f56bfc062723c751e8b465ee728b)  -> (artifact id: '9c8d825c32ba3ffaab2942cc03d937a2') in 0.001504 seconds
Number of updated asset objects reloaded before import = 0
Number of asset objects unloaded after import = 2
========================================================================
Received Import Request.
  Time since last request: 1.887166 seconds.
  path: Assets/Scenes/Level 3/LightingData.asset
  artifactKey: Guid(5241c3399d72d9845a1c22169687aecf) Importer(815301076,1909f56bfc062723c751e8b465ee728b)
Start importing Assets/Scenes/Level 3/LightingData.asset using Guid(5241c3399d72d9845a1c22169687aecf) Importer(815301076,1909f56bfc062723c751e8b465ee728b)  -> (artifact id: '83b245ba383e5007961d58dc3ebf5f68') in 0.002009 seconds
Number of updated asset objects reloaded before import = 0
Number of asset objects unloaded after import = 2
========================================================================
Received Import Request.
  Time since last request: 3.431091 seconds.
  path: Assets/Materials/Block_Material.mat
  artifactKey: Guid(1f8b987b973808e4db70564b2e43df54) Importer(815301076,1909f56bfc062723c751e8b465ee728b)
Start importing Assets/Materials/Block_Material.mat using Guid(1f8b987b973808e4db70564b2e43df54) Importer(815301076,1909f56bfc062723c751e8b465ee728b)  -> (artifact id: '1f70847aebea9595951f3aa260ff2165') in 0.646245 seconds
Number of updated asset objects reloaded before import = 0
Number of asset objects unloaded after import = 3
========================================================================
Received Import Request.
  Time since last request: 0.000042 seconds.
  path: Assets/Materials/Food_Material.mat
  artifactKey: Guid(9888e993449376446accb636d8bfe0e9) Importer(815301076,1909f56bfc062723c751e8b465ee728b)
Start importing Assets/Materials/Food_Material.mat using Guid(9888e993449376446accb636d8bfe0e9) Importer(815301076,1909f56bfc062723c751e8b465ee728b)  -> (artifact id: '0f925b64e05c133bda477d4f438b0e0f') in 0.012304 seconds
Number of updated asset objects reloaded before import = 0
Number of asset objects unloaded after import = 2
========================================================================
Received Import Request.
  Time since last request: 2.579170 seconds.
  path: Assets/Prefabs/Block.prefab
  artifactKey: Guid(7e66911614e6eb643818e61a1a3720ca) Importer(815301076,1909f56bfc062723c751e8b465ee728b)
Start importing Assets/Prefabs/Block.prefab using Guid(7e66911614e6eb643818e61a1a3720ca) Importer(815301076,1909f56bfc062723c751e8b465ee728b)  -> (artifact id: '0710fb7c01a23d3c6d6e2164f193768f') in 0.021976 seconds
Number of updated asset objects reloaded before import = 0
Number of asset objects unloaded after import = 13
========================================================================
Received Import Request.
  Time since last request: 0.000022 seconds.
  path: Assets/Prefabs/Separator.prefab
  artifactKey: Guid(f92d9820b17bf6c41bc3847f28742b43) Importer(815301076,1909f56bfc062723c751e8b465ee728b)
Start importing Assets/Prefabs/Separator.prefab using Guid(f92d9820b17bf6c41bc3847f28742b43) Importer(815301076,1909f56bfc062723c751e8b465ee728b)  -> (artifact id: '484ac470e19ba77048b5805155e999b6') in 0.003015 seconds
Number of updated asset objects reloaded before import = 0
Number of asset objects unloaded after import = 8
========================================================================
Received Import Request.
  Time since last request: 0.000023 seconds.
  path: Assets/Prefabs/Food.prefab
  artifactKey: Guid(1887334873e903a43a2150c2dab2fb77) Importer(815301076,1909f56bfc062723c751e8b465ee728b)
Start importing Assets/Prefabs/Food.prefab using Guid(1887334873e903a43a2150c2dab2fb77) Importer(815301076,1909f56bfc062723c751e8b465ee728b)  -> (artifact id: '4765198d3e4a53b7ce26bb4e30a6e65c') in 0.029512 seconds
Number of updated asset objects reloaded before import = 0
Number of asset objects unloaded after import = 15
========================================================================
Received Import Request.
  Time since last request: 8.382631 seconds.
  path: Assets/Scripts/CameraFollows.cs
  artifactKey: Guid(3e94c9fa84f9e4a4f8e5598a68ecd7e1) Importer(815301076,1909f56bfc062723c751e8b465ee728b)
Start importing Assets/Scripts/CameraFollows.cs using Guid(3e94c9fa84f9e4a4f8e5598a68ecd7e1) Importer(815301076,1909f56bfc062723c751e8b465ee728b)  -> (artifact id: 'f0240ad1ab87c500745a5d1d51488a68') in 0.001126 seconds
Number of updated asset objects reloaded before import = 0
Number of asset objects unloaded after import = 0
========================================================================
Received Import Request.
  Time since last request: 0.702087 seconds.
  path: Assets/Scripts/Finish.cs
  artifactKey: Guid(1f3e97d2fe23e6040b866d1500806d6a) Importer(815301076,1909f56bfc062723c751e8b465ee728b)
Start importing Assets/Scripts/Finish.cs using Guid(1f3e97d2fe23e6040b866d1500806d6a) Importer(815301076,1909f56bfc062723c751e8b465ee728b)  -> (artifact id: 'de11306d96bfdf3e853a23cad8b6db0a') in 0.000682 seconds
Number of updated asset objects reloaded before import = 0
Number of asset objects unloaded after import = 0
========================================================================
Received Import Request.
  Time since last request: 78.935473 seconds.
  path: Assets/Scripts/LevelNumberText.cs
  artifactKey: Guid(24b0d6aa87e61d94d976f4688652cd8e) Importer(815301076,1909f56bfc062723c751e8b465ee728b)
Start importing Assets/Scripts/LevelNumberText.cs using Guid(24b0d6aa87e61d94d976f4688652cd8e) Importer(815301076,1909f56bfc062723c751e8b465ee728b)  -> (artifact id: '8fc982fbb8da9d2dad913cbbac310c02') in 0.000685 seconds
Number of updated asset objects reloaded before import = 0
Number of asset objects unloaded after import = 0
========================================================================
Received Import Request.
  Time since last request: 2.936660 seconds.
  path: Assets/Scripts/MenuController.cs
  artifactKey: Guid(9149cc1570fb5dc46b5a7ba7ba3ad5bd) Importer(815301076,1909f56bfc062723c751e8b465ee728b)
Start importing Assets/Scripts/MenuController.cs using Guid(9149cc1570fb5dc46b5a7ba7ba3ad5bd) Importer(815301076,1909f56bfc062723c751e8b465ee728b)  -> (artifact id: 'f20f20bad1f499d15cdbb0a55ac2beef') in 0.000668 seconds
Number of updated asset objects reloaded before import = 0
Number of asset objects unloaded after import = 0
========================================================================
Received Import Request.
  Time since last request: 13.519301 seconds.
  path: Assets/Scenes/UniversalRenderPipelineAsset.asset
  artifactKey: Guid(1fad70ab9e620684290461e3e0470387) Importer(815301076,1909f56bfc062723c751e8b465ee728b)
Start importing Assets/Scenes/UniversalRenderPipelineAsset.asset using Guid(1fad70ab9e620684290461e3e0470387) Importer(815301076,1909f56bfc062723c751e8b465ee728b)  -> (artifact id: '1cb88bf116d0b99ef44204877ceb051a') in 0.001144 seconds
Number of updated asset objects reloaded before import = 0
Number of asset objects unloaded after import = 0
========================================================================
Received Prepare
Refreshing native plugins compatible for Editor in 3.36 ms, found 2 plugins.
Preloading 0 native plugins for Editor in 0.00 ms.
Unloading 3 Unused Serialized files (Serialized files now loaded: 0)
Unloading 3 unused Assets / (335.9 KB). Loaded Objects now: 4401.
Memory consumption went from 103.6 MB to 103.3 MB.
Total: 6.882579 ms (FindLiveObjects: 0.453689 ms CreateObjectMapping: 0.219511 ms MarkObjects: 5.964934 ms  DeleteObjects: 0.236622 ms)

Prepare: number of updated asset objects reloaded= 0
AssetImportParameters requested are different than current active one (requested -> active):
  custom:container-demuxer-ogg: 62fdf1f143b41e24485cea50d1cbac27 -> 
  custom:video-decoder-ogg-theora: a1e56fd34408186e4bbccfd4996cb3dc -> 
  custom:framework-win-MediaFoundation: 216162199b28c13a410421893ffa2e32 -> 
  custom:CustomObjectIndexerAttribute: a3ef5dd2817f97addfee359851a9dba5 -> 
  custom:container-demuxer-webm: 4f35f7cbe854078d1ac9338744f61a02 -> 
  custom:container-muxer-webm: aa71ff27fc2769a1b78a27578f13a17b -> 
  custom:video-decoder-webm-vp8: 9c59270c3fd7afecdb556c50c9e8de78 -> 
  custom:SearchIndexIgnoredProperties: e643bd26f0fe6173181afceb89e7c659 -> 
  custom:AudioImporter_EditorPlatform: d09bf68614088b80899f8185d706f6e7 -> 
  custom:video-encoder-webm-vp8: eb34c28f22e8b96e1ab97ce403110664 -> 
  custom:audio-decoder-ogg-vorbis: bf7c407c2cedff20999df2af8eb42d56 -> 
  custom:audio-encoder-webm-vorbis: bf7c407c2cedff20999df2af8eb42d56 -> 
========================================================================
Received Import Request.
  Time since last request: 15.565289 seconds.
  path: Assets/Scenes
  artifactKey: Guid(e2ae3f70a19f10b43a18fbdfbca80825) Importer(815301076,1909f56bfc062723c751e8b465ee728b)
Start importing Assets/Scenes using Guid(e2ae3f70a19f10b43a18fbdfbca80825) Importer(815301076,1909f56bfc062723c751e8b465ee728b)  -> (artifact id: '6b6dd0b75fb358ee8fac6adb87284541') in 0.007363 seconds
Number of updated asset objects reloaded before import = 0
Number of asset objects unloaded after import = 0
========================================================================
Received Import Request.
  Time since last request: 13.273044 seconds.
  path: Assets/Scenes/MainMenu
  artifactKey: Guid(f7f460576c1138b4998a376b4846651c) Importer(815301076,1909f56bfc062723c751e8b465ee728b)
Start importing Assets/Scenes/MainMenu using Guid(f7f460576c1138b4998a376b4846651c) Importer(815301076,1909f56bfc062723c751e8b465ee728b)  -> (artifact id: 'f5baec4c68887196baeca59fb0a5220e') in 0.003532 seconds
Number of updated asset objects reloaded before import = 0
Number of asset objects unloaded after import = 0
========================================================================
Received Import Request.
  Time since last request: 9.390288 seconds.
  path: Assets/Scenes/New Lighting Settings.lighting
  artifactKey: Guid(43d03ec1f8faacf4f8e00f21932038cf) Importer(815301076,1909f56bfc062723c751e8b465ee728b)
Start importing Assets/Scenes/New Lighting Settings.lighting using Guid(43d03ec1f8faacf4f8e00f21932038cf) Importer(815301076,1909f56bfc062723c751e8b465ee728b) LightingSettings: switching bake backend from 1 to 2.
 -> (artifact id: '4ccdda16e4f16981d1e7cc3440a67ec3') in 0.001468 seconds
Number of updated asset objects reloaded before import = 0
Number of asset objects unloaded after import = 1
========================================================================
Received Import Request.
  Time since last request: 0.676616 seconds.
  path: Assets/Scenes/MainMenu.unity
  artifactKey: Guid(921120a1b47be2b4596dad4c1e9645e3) Importer(815301076,1909f56bfc062723c751e8b465ee728b)
Start importing Assets/Scenes/MainMenu.unity using Guid(921120a1b47be2b4596dad4c1e9645e3) Importer(815301076,1909f56bfc062723c751e8b465ee728b)  -> (artifact id: 'a8f8c6490005dd8e84e51cdf7c7f9d72') in 0.000724 seconds
Number of updated asset objects reloaded before import = 0
Number of asset objects unloaded after import = 0
========================================================================
Received Import Request.
  Time since last request: 17.421367 seconds.
  path: Assets/UniversalRenderPipelineGlobalSettings.asset
  artifactKey: Guid(737ce7992d8894b46aab38aae73c3263) Importer(2089858483,0ecaa5967403d082aa24f35e1b516d23)
Start importing Assets/UniversalRenderPipelineGlobalSettings.asset using Guid(737ce7992d8894b46aab38aae73c3263) Importer(2089858483,0ecaa5967403d082aa24f35e1b516d23) Generated GUIDs only implemented for interfaces!
 -> (artifact id: '980ee489052973cec07b2375535091ff') in 0.393674 seconds
Number of updated asset objects reloaded before import = 0
Number of asset objects unloaded after import = 1
========================================================================
Received Import Request.
  Time since last request: 0.000068 seconds.
  path: Assets/Materials/Separator_Material.mat
  artifactKey: Guid(5a55fa3878ad77242a47851c236339d8) Importer(2089858483,0ecaa5967403d082aa24f35e1b516d23)
Start importing Assets/Materials/Separator_Material.mat using Guid(5a55fa3878ad77242a47851c236339d8) Importer(2089858483,0ecaa5967403d082aa24f35e1b516d23) Generated GUIDs only implemented for interfaces!
 -> (artifact id: '5cf9202ffcddb6af2f0eaf2d85cd6085') in 0.347594 seconds
Number of updated asset objects reloaded before import = 0
Number of asset objects unloaded after import = 2
========================================================================
Received Import Request.
  Time since last request: 0.000038 seconds.
  path: Assets/Scenes/Level 1/ReflectionProbe-0.exr
  artifactKey: Guid(4aeb4bf9b2085a4409e885b6220fa1d4) Importer(2089858483,0ecaa5967403d082aa24f35e1b516d23)
Start importing Assets/Scenes/Level 1/ReflectionProbe-0.exr using Guid(4aeb4bf9b2085a4409e885b6220fa1d4) Importer(2089858483,0ecaa5967403d082aa24f35e1b516d23) Generated GUIDs only implemented for interfaces!
 -> (artifact id: '7afcb03bd236bcf8c5d0fc30147689ac') in 0.086782 seconds
Number of updated asset objects reloaded before import = 0
Number of asset objects unloaded after import = 1
========================================================================
Received Import Request.
  Time since last request: 0.000073 seconds.
  path: Assets/Materials/Ground_Material.mat
  artifactKey: Guid(a3121607a1f2c6c4285cd41d94422192) Importer(2089858483,0ecaa5967403d082aa24f35e1b516d23)
Start importing Assets/Materials/Ground_Material.mat using Guid(a3121607a1f2c6c4285cd41d94422192) Importer(2089858483,0ecaa5967403d082aa24f35e1b516d23) Generated GUIDs only implemented for interfaces!
 -> (artifact id: '4977832dfe90fb1302edbc03cb394e42') in 0.006581 seconds
Number of updated asset objects reloaded before import = 0
Number of asset objects unloaded after import = 1
========================================================================
Received Import Request.
  Time since last request: 0.000027 seconds.
  path: Assets/Scenes/New Lighting Settings.lighting
  artifactKey: Guid(43d03ec1f8faacf4f8e00f21932038cf) Importer(2089858483,0ecaa5967403d082aa24f35e1b516d23)
Start importing Assets/Scenes/New Lighting Settings.lighting using Guid(43d03ec1f8faacf4f8e00f21932038cf) Importer(2089858483,0ecaa5967403d082aa24f35e1b516d23) LightingSettings: switching bake backend from 1 to 2.
Generated GUIDs only implemented for interfaces!
 -> (artifact id: '3c17678f0b29698a603e920682580a59') in 0.027631 seconds
Number of updated asset objects reloaded before import = 0
Number of asset objects unloaded after import = 1
========================================================================
Received Import Request.
  Time since last request: 0.000057 seconds.
  path: Assets/Scenes/Level 1/Level 1.unity
  artifactKey: Guid(9fc0d4010bbf28b4594072e72b8655ab) Importer(2089858483,0ecaa5967403d082aa24f35e1b516d23)
Start importing Assets/Scenes/Level 1/Level 1.unity using Guid(9fc0d4010bbf28b4594072e72b8655ab) Importer(2089858483,0ecaa5967403d082aa24f35e1b516d23) Generated GUIDs only implemented for interfaces!
 -> (artifact id: '7c57fa7a7911ee6ae4d3bfd5a9b35121') in 0.004116 seconds
Number of updated asset objects reloaded before import = 0
Number of asset objects unloaded after import = 1
========================================================================
Received Import Request.
  Time since last request: 0.000130 seconds.
  path: Assets/Scenes/Level 2/Level 2.unity
  artifactKey: Guid(8b99213766226074aa441f838327330d) Importer(2089858483,0ecaa5967403d082aa24f35e1b516d23)
Start importing Assets/Scenes/Level 2/Level 2.unity using Guid(8b99213766226074aa441f838327330d) Importer(2089858483,0ecaa5967403d082aa24f35e1b516d23) Generated GUIDs only implemented for interfaces!
 -> (artifact id: 'e5b572449db5d11eed7ec9dbb29c980b') in 0.004519 seconds
Number of updated asset objects reloaded before import = 0
Number of asset objects unloaded after import = 1
========================================================================
Received Import Request.
  Time since last request: 0.000056 seconds.
  path: Assets/Scenes/UniversalRenderPipelineAsset.asset
  artifactKey: Guid(1fad70ab9e620684290461e3e0470387) Importer(2089858483,0ecaa5967403d082aa24f35e1b516d23)
Start importing Assets/Scenes/UniversalRenderPipelineAsset.asset using Guid(1fad70ab9e620684290461e3e0470387) Importer(2089858483,0ecaa5967403d082aa24f35e1b516d23) Generated GUIDs only implemented for interfaces!
 -> (artifact id: '537a01b0d1bf2e71a61ab5fc5c391518') in 0.056978 seconds
Number of updated asset objects reloaded before import = 0
Number of asset objects unloaded after import = 1
========================================================================
Received Import Request.
  Time since last request: 0.000048 seconds.
  path: Assets/Scripts/Finish.cs
  artifactKey: Guid(1f3e97d2fe23e6040b866d1500806d6a) Importer(2089858483,0ecaa5967403d082aa24f35e1b516d23)
Start importing Assets/Scripts/Finish.cs using Guid(1f3e97d2fe23e6040b866d1500806d6a) Importer(2089858483,0ecaa5967403d082aa24f35e1b516d23) Generated GUIDs only implemented for interfaces!
 -> (artifact id: '64bad7e7d453d48c796567db4130dcd6') in 0.006594 seconds
Number of updated asset objects reloaded before import = 0
Number of asset objects unloaded after import = 1
========================================================================
Received Import Request.
  Time since last request: 0.000164 seconds.
  path: Assets/Scenes/MainMenu/MainMenu.unity
  artifactKey: Guid(921120a1b47be2b4596dad4c1e9645e3) Importer(2089858483,0ecaa5967403d082aa24f35e1b516d23)
Start importing Assets/Scenes/MainMenu/MainMenu.unity using Guid(921120a1b47be2b4596dad4c1e9645e3) Importer(2089858483,0ecaa5967403d082aa24f35e1b516d23) Generated GUIDs only implemented for interfaces!
 -> (artifact id: 'ff4f91f891ac7f6281c3fb2b70533f9e') in 0.004545 seconds
Number of updated asset objects reloaded before import = 0
Number of asset objects unloaded after import = 1
========================================================================
Received Import Request.
  Time since last request: 0.000025 seconds.
  path: Assets/Scripts/CameraFollows.cs
  artifactKey: Guid(3e94c9fa84f9e4a4f8e5598a68ecd7e1) Importer(2089858483,0ecaa5967403d082aa24f35e1b516d23)
Start importing Assets/Scripts/CameraFollows.cs using Guid(3e94c9fa84f9e4a4f8e5598a68ecd7e1) Importer(2089858483,0ecaa5967403d082aa24f35e1b516d23) Generated GUIDs only implemented for interfaces!
 -> (artifact id: '21b21b2c1e59d8a6af81312c373b79fd') in 0.008458 seconds
Number of updated asset objects reloaded before import = 0
Number of asset objects unloaded after import = 1
========================================================================
Received Import Request.
  Time since last request: 0.000028 seconds.
  path: Assets/Materials/Snake_Material.mat
  artifactKey: Guid(64bc1a82bc451f643a6470003f0999f7) Importer(2089858483,0ecaa5967403d082aa24f35e1b516d23)
Start importing Assets/Materials/Snake_Material.mat using Guid(64bc1a82bc451f643a6470003f0999f7) Importer(2089858483,0ecaa5967403d082aa24f35e1b516d23) Generated GUIDs only implemented for interfaces!
 -> (artifact id: 'bfe8b615a0870c0cbe05ec471e3fc3a5') in 0.007496 seconds
Number of updated asset objects reloaded before import = 0
Number of asset objects unloaded after import = 1
========================================================================
Received Import Request.
  Time since last request: 0.000037 seconds.
  path: Assets/Shaders/Finish.shadergraph
  artifactKey: Guid(087f9ad3c020d1945a8c448be4889b66) Importer(2089858483,0ecaa5967403d082aa24f35e1b516d23)
Start importing Assets/Shaders/Finish.shadergraph using Guid(087f9ad3c020d1945a8c448be4889b66) Importer(2089858483,0ecaa5967403d082aa24f35e1b516d23) Generated GUIDs only implemented for interfaces!
 -> (artifact id: '6081210c17759f03e0db38137dc4274b') in 0.033055 seconds
Number of updated asset objects reloaded before import = 0
Number of asset objects unloaded after import = 2
========================================================================
Received Import Request.
  Time since last request: 0.000262 seconds.
  path: Assets/Materials/Finish_Material.mat
  artifactKey: Guid(18b13fb286c1b9b468100b4ff31351bd) Importer(2089858483,0ecaa5967403d082aa24f35e1b516d23)
Start importing Assets/Materials/Finish_Material.mat using Guid(18b13fb286c1b9b468100b4ff31351bd) Importer(2089858483,0ecaa5967403d082aa24f35e1b516d23) Generated GUIDs only implemented for interfaces!
 -> (artifact id: 'a02248774483d05fd47e45ae7836f449') in 0.007232 seconds
Number of updated asset objects reloaded before import = 0
Number of asset objects unloaded after import = 1
========================================================================
Received Import Request.
  Time since last request: 0.000028 seconds.
  path: Assets/Scripts/Player.cs
  artifactKey: Guid(54497cce7981edc4fa2462aee1e0de29) Importer(2089858483,0ecaa5967403d082aa24f35e1b516d23)
Start importing Assets/Scripts/Player.cs using Guid(54497cce7981edc4fa2462aee1e0de29) Importer(2089858483,0ecaa5967403d082aa24f35e1b516d23) Generated GUIDs only implemented for interfaces!
 -> (artifact id: 'd8075db68d0f16f5d2bd3910490c844a') in 0.005062 seconds
Number of updated asset objects reloaded before import = 0
Number of asset objects unloaded after import = 1
========================================================================
Received Import Request.
  Time since last request: 0.000095 seconds.
  path: Assets/Shaders/Block.shadergraph
  artifactKey: Guid(fce3026bccc7efd41b588d9f4f00ae6d) Importer(2089858483,0ecaa5967403d082aa24f35e1b516d23)
Start importing Assets/Shaders/Block.shadergraph using Guid(fce3026bccc7efd41b588d9f4f00ae6d) Importer(2089858483,0ecaa5967403d082aa24f35e1b516d23) Generated GUIDs only implemented for interfaces!
 -> (artifact id: '685ef28078c6538cd0fd0832f7a4b8ec') in 0.289252 seconds
Number of updated asset objects reloaded before import = 0
Number of asset objects unloaded after import = 3
========================================================================
Received Import Request.
  Time since last request: 110.356668 seconds.
  path: Assets/Scenes/Level 1/Level 1.unity
  artifactKey: Guid(9fc0d4010bbf28b4594072e72b8655ab) Importer(815301076,1909f56bfc062723c751e8b465ee728b)
Start importing Assets/Scenes/Level 1/Level 1.unity using Guid(9fc0d4010bbf28b4594072e72b8655ab) Importer(815301076,1909f56bfc062723c751e8b465ee728b)  -> (artifact id: '241e9a881cfda49474b15bf685cfe266') in 0.001008 seconds
Number of updated asset objects reloaded before import = 0
Number of asset objects unloaded after import = 0
========================================================================
Received Import Request.
  Time since last request: 57.011872 seconds.
  path: Assets/Prefabs/Snake.prefab
  artifactKey: Guid(a0857e9641b505e44ab3645e8d3ab35d) Importer(2089858483,0ecaa5967403d082aa24f35e1b516d23)
Start importing Assets/Prefabs/Snake.prefab using Guid(a0857e9641b505e44ab3645e8d3ab35d) Importer(2089858483,0ecaa5967403d082aa24f35e1b516d23) Generated GUIDs only implemented for interfaces!
 -> (artifact id: '25893e4c72da747820b34635f05a8421') in 0.035002 seconds
Number of updated asset objects reloaded before import = 0
Number of asset objects unloaded after import = 16
========================================================================
Received Import Request.
  Time since last request: 20.497316 seconds.
  path: Assets/Prefabs/Snake.prefab
  artifactKey: Guid(a0857e9641b505e44ab3645e8d3ab35d) Importer(815301076,1909f56bfc062723c751e8b465ee728b)
Start importing Assets/Prefabs/Snake.prefab using Guid(a0857e9641b505e44ab3645e8d3ab35d) Importer(815301076,1909f56bfc062723c751e8b465ee728b)  -> (artifact id: '84734a87ff0ec3006a3c00b4f474995a') in 0.013647 seconds
Number of updated asset objects reloaded before import = 0
Number of asset objects unloaded after import = 18
========================================================================
Received Import Request.
  Time since last request: 15.933934 seconds.
  path: Assets/Prefabs/Finish.prefab
  artifactKey: Guid(2e339c2ae72b3ab449a58656395747c5) Importer(2089858483,0ecaa5967403d082aa24f35e1b516d23)
Start importing Assets/Prefabs/Finish.prefab using Guid(2e339c2ae72b3ab449a58656395747c5) Importer(2089858483,0ecaa5967403d082aa24f35e1b516d23) Generated GUIDs only implemented for interfaces!
 -> (artifact id: 'fb7abf1f08c1d6b1205aebeef392cd26') in 0.010346 seconds
Number of updated asset objects reloaded before import = 0
Number of asset objects unloaded after import = 11
========================================================================
Received Import Request.
  Time since last request: 14.322142 seconds.
  path: Assets/Prefabs/Finish.prefab
  artifactKey: Guid(2e339c2ae72b3ab449a58656395747c5) Importer(815301076,1909f56bfc062723c751e8b465ee728b)
Start importing Assets/Prefabs/Finish.prefab using Guid(2e339c2ae72b3ab449a58656395747c5) Importer(815301076,1909f56bfc062723c751e8b465ee728b)  -> (artifact id: 'd225363a73716d3d4a414383150d15c1') in 0.010479 seconds
Number of updated asset objects reloaded before import = 0
Number of asset objects unloaded after import = 13
========================================================================
Received Import Request.
  Time since last request: 3.833579 seconds.
  path: Assets/Prefabs/Finish.prefab
  artifactKey: Guid(2e339c2ae72b3ab449a58656395747c5) Importer(815301076,1909f56bfc062723c751e8b465ee728b)
Start importing Assets/Prefabs/Finish.prefab using Guid(2e339c2ae72b3ab449a58656395747c5) Importer(815301076,1909f56bfc062723c751e8b465ee728b)  -> (artifact id: '9038754b6aa0b07a28b2e47aa331a14a') in 0.016296 seconds
Number of updated asset objects reloaded before import = 0
Number of asset objects unloaded after import = 29
========================================================================
Received Import Request.
  Time since last request: 0.942637 seconds.
  path: Assets/Prefabs/Finish.prefab
  artifactKey: Guid(2e339c2ae72b3ab449a58656395747c5) Importer(2089858483,0ecaa5967403d082aa24f35e1b516d23)
Start importing Assets/Prefabs/Finish.prefab using Guid(2e339c2ae72b3ab449a58656395747c5) Importer(2089858483,0ecaa5967403d082aa24f35e1b516d23) Generated GUIDs only implemented for interfaces!
 -> (artifact id: '4f4bb75011878e0e8ca7196f508e9692') in 0.006878 seconds
Number of updated asset objects reloaded before import = 0
Number of asset objects unloaded after import = 26
========================================================================
Received Import Request.
  Time since last request: 602.056256 seconds.
  path: Assets/Scenes/Level 1/Level 1.unity
  artifactKey: Guid(9fc0d4010bbf28b4594072e72b8655ab) Importer(2089858483,0ecaa5967403d082aa24f35e1b516d23)
Start importing Assets/Scenes/Level 1/Level 1.unity using Guid(9fc0d4010bbf28b4594072e72b8655ab) Importer(2089858483,0ecaa5967403d082aa24f35e1b516d23) Generated GUIDs only implemented for interfaces!
 -> (artifact id: '977744fd22c61539d3fa21cc015ca344') in 0.004922 seconds
Number of updated asset objects reloaded before import = 0
Number of asset objects unloaded after import = 1
========================================================================
Received Import Request.
  Time since last request: 220.582678 seconds.
  path: Assets/Scenes/Level 1/Level 1.unity
  artifactKey: Guid(9fc0d4010bbf28b4594072e72b8655ab) Importer(2089858483,0ecaa5967403d082aa24f35e1b516d23)
Start importing Assets/Scenes/Level 1/Level 1.unity using Guid(9fc0d4010bbf28b4594072e72b8655ab) Importer(2089858483,0ecaa5967403d082aa24f35e1b516d23) Generated GUIDs only implemented for interfaces!
 -> (artifact id: 'c65aa0ef961b39374c697a7f53357a78') in 0.004408 seconds
Number of updated asset objects reloaded before import = 0
Number of asset objects unloaded after import = 1
========================================================================
Received Import Request.
  Time since last request: 11.102709 seconds.
  path: Assets/Scenes/Level 2/Level 2.unity
  artifactKey: Guid(8b99213766226074aa441f838327330d) Importer(815301076,1909f56bfc062723c751e8b465ee728b)
Start importing Assets/Scenes/Level 2/Level 2.unity using Guid(8b99213766226074aa441f838327330d) Importer(815301076,1909f56bfc062723c751e8b465ee728b)  -> (artifact id: 'a0d86e01fc81e3b53fbf331256782308') in 0.000718 seconds
Number of updated asset objects reloaded before import = 0
Number of asset objects unloaded after import = 0
========================================================================
Received Import Request.
  Time since last request: 31.559208 seconds.
  path: Assets/Scenes/Level 1/Level 1.unity
  artifactKey: Guid(9fc0d4010bbf28b4594072e72b8655ab) Importer(815301076,1909f56bfc062723c751e8b465ee728b)
Start importing Assets/Scenes/Level 1/Level 1.unity using Guid(9fc0d4010bbf28b4594072e72b8655ab) Importer(815301076,1909f56bfc062723c751e8b465ee728b)  -> (artifact id: '1ab3ce2e1d2c1e43e8544b666a4640e7') in 0.001048 seconds
Number of updated asset objects reloaded before import = 0
Number of asset objects unloaded after import = 0
========================================================================
Received Import Request.
  Time since last request: 10.378205 seconds.
  path: Assets
  artifactKey: Guid(00000000000000001000000000000000) Importer(815301076,1909f56bfc062723c751e8b465ee728b)
Start importing Assets using Guid(00000000000000001000000000000000) Importer(815301076,1909f56bfc062723c751e8b465ee728b)  -> (artifact id: '8a4fe85251aa2e89732c359432baa2c3') in 0.000617 seconds
Number of updated asset objects reloaded before import = 0
Number of asset objects unloaded after import = 0
========================================================================
Received Import Request.
  Time since last request: 4.315183 seconds.
  path: Assets/Prefabs
  artifactKey: Guid(42eaeb50f6a39a64585ceb1902552b92) Importer(815301076,1909f56bfc062723c751e8b465ee728b)
Start importing Assets/Prefabs using Guid(42eaeb50f6a39a64585ceb1902552b92) Importer(815301076,1909f56bfc062723c751e8b465ee728b)  -> (artifact id: '040c506cb9c6c4fec6e0970c9094e9b6') in 0.000752 seconds
Number of updated asset objects reloaded before import = 0
Number of asset objects unloaded after import = 0
========================================================================
Received Import Request.
  Time since last request: 10.596972 seconds.
  path: Assets/Prefabs/MenuPrefabs
  artifactKey: Guid(edbb88ab53426b94e84f068d21a8be07) Importer(815301076,1909f56bfc062723c751e8b465ee728b)
Start importing Assets/Prefabs/MenuPrefabs using Guid(edbb88ab53426b94e84f068d21a8be07) Importer(815301076,1909f56bfc062723c751e8b465ee728b)  -> (artifact id: 'aa4a68ec41e442d39f4e00d77d47df26') in 0.003382 seconds
Number of updated asset objects reloaded before import = 0
Number of asset objects unloaded after import = 0
========================================================================
Received Import Request.
  Time since last request: 0.934514 seconds.
  path: Assets/Prefabs/MenuPrefabs
  artifactKey: Guid(edbb88ab53426b94e84f068d21a8be07) Importer(2089858483,0ecaa5967403d082aa24f35e1b516d23)
Start importing Assets/Prefabs/MenuPrefabs using Guid(edbb88ab53426b94e84f068d21a8be07) Importer(2089858483,0ecaa5967403d082aa24f35e1b516d23) Generated GUIDs only implemented for interfaces!
 -> (artifact id: '7ccd76a4e841e5a8360284e1d239a601') in 0.004875 seconds
Number of updated asset objects reloaded before import = 0
Number of asset objects unloaded after import = 1
========================================================================
Received Import Request.
  Time since last request: 4.483354 seconds.
  path: Assets/MenuPrefabs
  artifactKey: Guid(edbb88ab53426b94e84f068d21a8be07) Importer(2089858483,0ecaa5967403d082aa24f35e1b516d23)
Start importing Assets/MenuPrefabs using Guid(edbb88ab53426b94e84f068d21a8be07) Importer(2089858483,0ecaa5967403d082aa24f35e1b516d23) Generated GUIDs only implemented for interfaces!
 -> (artifact id: 'd02ee0e88fac30d68d7a3ecbf4e20f67') in 0.003850 seconds
Number of updated asset objects reloaded before import = 0
Number of asset objects unloaded after import = 1
========================================================================
Received Import Request.
  Time since last request: 4.481678 seconds.
  path: Assets/MenuPrefabs/LoseScreen.prefab
  artifactKey: Guid(21171ed198c1f8b4ba62c8ca58d1ca63) Importer(815301076,1909f56bfc062723c751e8b465ee728b)
Start importing Assets/MenuPrefabs/LoseScreen.prefab using Guid(21171ed198c1f8b4ba62c8ca58d1ca63) Importer(815301076,1909f56bfc062723c751e8b465ee728b)  -> (artifact id: 'cc220f7e3f922e7f1c173084b459531e') in 0.023580 seconds
Number of updated asset objects reloaded before import = 0
Number of asset objects unloaded after import = 33
========================================================================
Received Import Request.
  Time since last request: 0.934793 seconds.
  path: Assets/MenuPrefabs/LoseScreen.prefab
  artifactKey: Guid(21171ed198c1f8b4ba62c8ca58d1ca63) Importer(2089858483,0ecaa5967403d082aa24f35e1b516d23)
Start importing Assets/MenuPrefabs/LoseScreen.prefab using Guid(21171ed198c1f8b4ba62c8ca58d1ca63) Importer(2089858483,0ecaa5967403d082aa24f35e1b516d23) Generated GUIDs only implemented for interfaces!
 -> (artifact id: 'fd68c94a270cc83a56650e24b1e33b07') in 0.021597 seconds
Number of updated asset objects reloaded before import = 0
Number of asset objects unloaded after import = 33
========================================================================
Received Import Request.
  Time since last request: 1.705769 seconds.
  path: Assets/MenuPrefabs/WinScreen.prefab
  artifactKey: Guid(5feb48bfea5525d48ab2cc1326e6e9e7) Importer(815301076,1909f56bfc062723c751e8b465ee728b)
Start importing Assets/MenuPrefabs/WinScreen.prefab using Guid(5feb48bfea5525d48ab2cc1326e6e9e7) Importer(815301076,1909f56bfc062723c751e8b465ee728b)  -> (artifact id: 'db8873698780b3ecb6edc96f5f872acf') in 0.008265 seconds
Number of updated asset objects reloaded before import = 0
Number of asset objects unloaded after import = 32
========================================================================
Received Import Request.
  Time since last request: 0.952429 seconds.
  path: Assets/MenuPrefabs/WinScreen.prefab
  artifactKey: Guid(5feb48bfea5525d48ab2cc1326e6e9e7) Importer(2089858483,0ecaa5967403d082aa24f35e1b516d23)
Start importing Assets/MenuPrefabs/WinScreen.prefab using Guid(5feb48bfea5525d48ab2cc1326e6e9e7) Importer(2089858483,0ecaa5967403d082aa24f35e1b516d23) Generated GUIDs only implemented for interfaces!
 -> (artifact id: '5c2f55095abb5bbbad8e4461778842c1') in 0.017886 seconds
Number of updated asset objects reloaded before import = 0
Number of asset objects unloaded after import = 32
========================================================================
Received Import Request.
  Time since last request: 3.650948 seconds.
  path: Assets/Scenes/Level 1/Level 1.unity
  artifactKey: Guid(9fc0d4010bbf28b4594072e72b8655ab) Importer(2089858483,0ecaa5967403d082aa24f35e1b516d23)
Start importing Assets/Scenes/Level 1/Level 1.unity using Guid(9fc0d4010bbf28b4594072e72b8655ab) Importer(2089858483,0ecaa5967403d082aa24f35e1b516d23) Generated GUIDs only implemented for interfaces!
 -> (artifact id: 'e8ba817c40b6de0716ddc6738d37706d') in 0.003713 seconds
Number of updated asset objects reloaded before import = 0
Number of asset objects unloaded after import = 1
========================================================================
Received Import Request.
  Time since last request: 26.799898 seconds.
  path: Assets/Scenes/Level 2/Level 2.unity
  artifactKey: Guid(8b99213766226074aa441f838327330d) Importer(2089858483,0ecaa5967403d082aa24f35e1b516d23)
Start importing Assets/Scenes/Level 2/Level 2.unity using Guid(8b99213766226074aa441f838327330d) Importer(2089858483,0ecaa5967403d082aa24f35e1b516d23) Generated GUIDs only implemented for interfaces!
 -> (artifact id: '7677c4090438aaf9f050d4f2c4e951ee') in 0.004008 seconds
Number of updated asset objects reloaded before import = 0
Number of asset objects unloaded after import = 1
========================================================================
Received Import Request.
  Time since last request: 13.662193 seconds.
  path: Assets/Scenes/Level 3/Level 3.unity
  artifactKey: Guid(cc720675dbfe9e1479472a67d732f104) Importer(815301076,1909f56bfc062723c751e8b465ee728b)
Start importing Assets/Scenes/Level 3/Level 3.unity using Guid(cc720675dbfe9e1479472a67d732f104) Importer(815301076,1909f56bfc062723c751e8b465ee728b)  -> (artifact id: '924d20b00731ce84528708ceedfd9f17') in 0.000691 seconds
Number of updated asset objects reloaded before import = 0
Number of asset objects unloaded after import = 0
========================================================================
Received Import Request.
  Time since last request: 32.965714 seconds.
  path: Assets/Scenes/Level 3/Level 3.unity
  artifactKey: Guid(cc720675dbfe9e1479472a67d732f104) Importer(2089858483,0ecaa5967403d082aa24f35e1b516d23)
Start importing Assets/Scenes/Level 3/Level 3.unity using Guid(cc720675dbfe9e1479472a67d732f104) Importer(2089858483,0ecaa5967403d082aa24f35e1b516d23) Generated GUIDs only implemented for interfaces!
 -> (artifact id: '2cb119928f2a79549cdf2a8a82fd27f7') in 0.003805 seconds
Number of updated asset objects reloaded before import = 0
Number of asset objects unloaded after import = 1
========================================================================
Received Import Request.
  Time since last request: 4.185568 seconds.
  path: Assets/Scenes/Level 1/Level 1.unity
  artifactKey: Guid(9fc0d4010bbf28b4594072e72b8655ab) Importer(815301076,1909f56bfc062723c751e8b465ee728b)
Start importing Assets/Scenes/Level 1/Level 1.unity using Guid(9fc0d4010bbf28b4594072e72b8655ab) Importer(815301076,1909f56bfc062723c751e8b465ee728b)  -> (artifact id: 'b44f17cf55a4ed317077e27a20d7b43e') in 0.000678 seconds
Number of updated asset objects reloaded before import = 0
Number of asset objects unloaded after import = 0
========================================================================
Received Import Request.
  Time since last request: 44.364928 seconds.
  path: Assets/Scenes/Level 2/Level 2.unity
  artifactKey: Guid(8b99213766226074aa441f838327330d) Importer(815301076,1909f56bfc062723c751e8b465ee728b)
Start importing Assets/Scenes/Level 2/Level 2.unity using Guid(8b99213766226074aa441f838327330d) Importer(815301076,1909f56bfc062723c751e8b465ee728b)  -> (artifact id: '9aafbfedd526ff14eb421e58f1aaf6a1') in 0.000728 seconds
Number of updated asset objects reloaded before import = 0
Number of asset objects unloaded after import = 0
========================================================================
Received Import Request.
  Time since last request: 123.113347 seconds.
  path: Assets/Scenes/MainMenu/MainMenu.unity
  artifactKey: Guid(921120a1b47be2b4596dad4c1e9645e3) Importer(2089858483,0ecaa5967403d082aa24f35e1b516d23)
Start importing Assets/Scenes/MainMenu/MainMenu.unity using Guid(921120a1b47be2b4596dad4c1e9645e3) Importer(2089858483,0ecaa5967403d082aa24f35e1b516d23) Generated GUIDs only implemented for interfaces!
 -> (artifact id: 'adcead3402122685ff2f5ad805def94c') in 0.004094 seconds
Number of updated asset objects reloaded before import = 0
Number of asset objects unloaded after import = 1
========================================================================
Received Import Request.
  Time since last request: 108.943281 seconds.
  path: Assets/Scenes/Level 2/Level 2.unity
  artifactKey: Guid(8b99213766226074aa441f838327330d) Importer(2089858483,0ecaa5967403d082aa24f35e1b516d23)
Start importing Assets/Scenes/Level 2/Level 2.unity using Guid(8b99213766226074aa441f838327330d) Importer(2089858483,0ecaa5967403d082aa24f35e1b516d23) Generated GUIDs only implemented for interfaces!
 -> (artifact id: 'dcf5ebc47612271dbba57b5533a4f825') in 0.003884 seconds
Number of updated asset objects reloaded before import = 0
Number of asset objects unloaded after import = 1
========================================================================
Received Import Request.
  Time since last request: 0.912271 seconds.
  path: Assets/Scenes/Level 3/Level 3.unity
  artifactKey: Guid(cc720675dbfe9e1479472a67d732f104) Importer(815301076,1909f56bfc062723c751e8b465ee728b)
Start importing Assets/Scenes/Level 3/Level 3.unity using Guid(cc720675dbfe9e1479472a67d732f104) Importer(815301076,1909f56bfc062723c751e8b465ee728b)  -> (artifact id: '8d71ecbd6ab9990d4fe68bddf2b7b115') in 0.000729 seconds
Number of updated asset objects reloaded before import = 0
Number of asset objects unloaded after import = 0
========================================================================
Received Import Request.
  Time since last request: 21.238056 seconds.
  path: Assets/Scenes/Level 3/Level 3.unity
  artifactKey: Guid(cc720675dbfe9e1479472a67d732f104) Importer(2089858483,0ecaa5967403d082aa24f35e1b516d23)
Start importing Assets/Scenes/Level 3/Level 3.unity using Guid(cc720675dbfe9e1479472a67d732f104) Importer(2089858483,0ecaa5967403d082aa24f35e1b516d23) Generated GUIDs only implemented for interfaces!
 -> (artifact id: 'e92b2d3c94eb053afebfd7c5efb42bc5') in 0.003912 seconds
Number of updated asset objects reloaded before import = 0
Number of asset objects unloaded after import = 1
========================================================================
Received Import Request.
  Time since last request: 17.484556 seconds.
  path: Assets/Scenes/Level 3/Level 3.unity
  artifactKey: Guid(cc720675dbfe9e1479472a67d732f104) Importer(2089858483,0ecaa5967403d082aa24f35e1b516d23)
Start importing Assets/Scenes/Level 3/Level 3.unity using Guid(cc720675dbfe9e1479472a67d732f104) Importer(2089858483,0ecaa5967403d082aa24f35e1b516d23) Generated GUIDs only implemented for interfaces!
 -> (artifact id: '8bed56e35545caa51b89605d7fcfdb45') in 0.004033 seconds
Number of updated asset objects reloaded before import = 0
Number of asset objects unloaded after import = 1
========================================================================
Received Import Request.
  Time since last request: 15.902246 seconds.
  path: Assets/Scenes/Level 1/Level 1.unity
  artifactKey: Guid(9fc0d4010bbf28b4594072e72b8655ab) Importer(2089858483,0ecaa5967403d082aa24f35e1b516d23)
Start importing Assets/Scenes/Level 1/Level 1.unity using Guid(9fc0d4010bbf28b4594072e72b8655ab) Importer(2089858483,0ecaa5967403d082aa24f35e1b516d23) Generated GUIDs only implemented for interfaces!
 -> (artifact id: '81efdb307530f4fb052cf5a3461cb0d7') in 0.003881 seconds
Number of updated asset objects reloaded before import = 0
Number of asset objects unloaded after import = 1
========================================================================
Received Import Request.
  Time since last request: 40.218432 seconds.
  path: Assets/MenuPrefabs/LoseScreen.prefab
  artifactKey: Guid(21171ed198c1f8b4ba62c8ca58d1ca63) Importer(815301076,1909f56bfc062723c751e8b465ee728b)
Start importing Assets/MenuPrefabs/LoseScreen.prefab using Guid(21171ed198c1f8b4ba62c8ca58d1ca63) Importer(815301076,1909f56bfc062723c751e8b465ee728b)  -> (artifact id: '0f3faeaa622863bcd52eaf753da9ada0') in 0.007207 seconds
Number of updated asset objects reloaded before import = 0
Number of asset objects unloaded after import = 33
========================================================================
Received Import Request.
  Time since last request: 0.939735 seconds.
  path: Assets/MenuPrefabs/LoseScreen.prefab
  artifactKey: Guid(21171ed198c1f8b4ba62c8ca58d1ca63) Importer(2089858483,0ecaa5967403d082aa24f35e1b516d23)
Start importing Assets/MenuPrefabs/LoseScreen.prefab using Guid(21171ed198c1f8b4ba62c8ca58d1ca63) Importer(2089858483,0ecaa5967403d082aa24f35e1b516d23) Generated GUIDs only implemented for interfaces!
 -> (artifact id: '5c4bf7f9064ac324f8dd4538d74a2396') in 0.010516 seconds
Number of updated asset objects reloaded before import = 0
Number of asset objects unloaded after import = 33
========================================================================
Received Import Request.
  Time since last request: 70.910875 seconds.
  path: Assets/Scenes/Level 1/Level 1.unity
  artifactKey: Guid(9fc0d4010bbf28b4594072e72b8655ab) Importer(2089858483,0ecaa5967403d082aa24f35e1b516d23)
Start importing Assets/Scenes/Level 1/Level 1.unity using Guid(9fc0d4010bbf28b4594072e72b8655ab) Importer(2089858483,0ecaa5967403d082aa24f35e1b516d23) Generated GUIDs only implemented for interfaces!
 -> (artifact id: '11bc745b37135a8a17f713ddd92808ae') in 0.003927 seconds
Number of updated asset objects reloaded before import = 0
Number of asset objects unloaded after import = 1
========================================================================
Received Import Request.
  Time since last request: 110.663963 seconds.
  path: Assets/Scenes/Level 1/Level 1.unity
  artifactKey: Guid(9fc0d4010bbf28b4594072e72b8655ab) Importer(2089858483,0ecaa5967403d082aa24f35e1b516d23)
Start importing Assets/Scenes/Level 1/Level 1.unity using Guid(9fc0d4010bbf28b4594072e72b8655ab) Importer(2089858483,0ecaa5967403d082aa24f35e1b516d23) Generated GUIDs only implemented for interfaces!
 -> (artifact id: '7c4b3240acce0c1ba6b83b5273ac6a09') in 0.004010 seconds
Number of updated asset objects reloaded before import = 0
Number of asset objects unloaded after import = 1
========================================================================
Received Import Request.
  Time since last request: 1.371415 seconds.
  path: Assets/Scenes/Level 2/Level 2.unity
  artifactKey: Guid(8b99213766226074aa441f838327330d) Importer(815301076,1909f56bfc062723c751e8b465ee728b)
Start importing Assets/Scenes/Level 2/Level 2.unity using Guid(8b99213766226074aa441f838327330d) Importer(815301076,1909f56bfc062723c751e8b465ee728b)  -> (artifact id: 'dfa02be31c3ece992263aaef041aaaa7') in 0.000736 seconds
Number of updated asset objects reloaded before import = 0
Number of asset objects unloaded after import = 0
========================================================================
Received Import Request.
  Time since last request: 14.899477 seconds.
  path: Assets/Scenes/Level 1/Level 1.unity
  artifactKey: Guid(9fc0d4010bbf28b4594072e72b8655ab) Importer(815301076,1909f56bfc062723c751e8b465ee728b)
Start importing Assets/Scenes/Level 1/Level 1.unity using Guid(9fc0d4010bbf28b4594072e72b8655ab) Importer(815301076,1909f56bfc062723c751e8b465ee728b)  -> (artifact id: '62f42439cd0cfaf9f56452856e6be341') in 0.000704 seconds
Number of updated asset objects reloaded before import = 0
Number of asset objects unloaded after import = 0
========================================================================
Received Import Request.
  Time since last request: 9.317493 seconds.
  path: Assets/Scenes/Level 3/Level 3.unity
  artifactKey: Guid(cc720675dbfe9e1479472a67d732f104) Importer(815301076,1909f56bfc062723c751e8b465ee728b)
Start importing Assets/Scenes/Level 3/Level 3.unity using Guid(cc720675dbfe9e1479472a67d732f104) Importer(815301076,1909f56bfc062723c751e8b465ee728b)  -> (artifact id: 'a76cd8cf7f12dfe0eb39c8c7c79ebd0f') in 0.000718 seconds
Number of updated asset objects reloaded before import = 0
Number of asset objects unloaded after import = 0
========================================================================
Received Import Request.
  Time since last request: 60.656927 seconds.
  path: Assets/Scenes/Level 3/Level 3.unity
  artifactKey: Guid(cc720675dbfe9e1479472a67d732f104) Importer(2089858483,0ecaa5967403d082aa24f35e1b516d23)
Start importing Assets/Scenes/Level 3/Level 3.unity using Guid(cc720675dbfe9e1479472a67d732f104) Importer(2089858483,0ecaa5967403d082aa24f35e1b516d23) Generated GUIDs only implemented for interfaces!
 -> (artifact id: 'e151f33085bde4c085ac7688b8965265') in 0.003800 seconds
Number of updated asset objects reloaded before import = 0
Number of asset objects unloaded after import = 1
========================================================================
Received Import Request.
  Time since last request: 6.304020 seconds.
  path: Assets/Scenes/Level 3/Level 3.unity
  artifactKey: Guid(cc720675dbfe9e1479472a67d732f104) Importer(2089858483,0ecaa5967403d082aa24f35e1b516d23)
Start importing Assets/Scenes/Level 3/Level 3.unity using Guid(cc720675dbfe9e1479472a67d732f104) Importer(2089858483,0ecaa5967403d082aa24f35e1b516d23) Generated GUIDs only implemented for interfaces!
 -> (artifact id: 'e4365e1d78d045d1cb3482f4523fdc82') in 0.004312 seconds
Number of updated asset objects reloaded before import = 0
Number of asset objects unloaded after import = 1
